0 info it worked if it ends with ok
1 verbose cli [ 'C:\\Program Files\\nodejs\\node.exe',
1 verbose cli   'C:\\Program Files\\nodejs\\node_modules\\npm\\bin\\npm-cli.js',
1 verbose cli   'run',
1 verbose cli   'deploy' ]
2 info using npm@3.10.10
3 info using node@v6.11.3
4 verbose run-script [ 'predeploy', 'deploy', 'postdeploy' ]
5 info lifecycle gatsby-starter-default@1.0.0~predeploy: gatsby-starter-default@1.0.0
6 silly lifecycle gatsby-starter-default@1.0.0~predeploy: no script for predeploy, continuing
7 info lifecycle gatsby-starter-default@1.0.0~deploy: gatsby-starter-default@1.0.0
8 verbose lifecycle gatsby-starter-default@1.0.0~deploy: unsafe-perm in lifecycle true
9 verbose lifecycle gatsby-starter-default@1.0.0~deploy: PATH: C:\Program Files\nodejs\node_modules\npm\bin\node-gyp-bin;C:\Users\bosco.fong\Desktop\gatsby\gatsby-site\node_modules\.bin;C:\Program Files\Git\mingw64\bin;C:\Program Files\Git\usr\bin;C:\Users\bosco.fong\bin;C:\ProgramData\Oracle\Java\javapath;C:\Program Files (x86)\Intel\iCLS Client;C:\Program Files\Intel\iCLS Client;C:\WINDOWS\system32;C:\WINDOWS;C:\WINDOWS\System32\Wbem;C:\WINDOWS\System32\WindowsPowerShell\v1.0;C:\Program Files (x86)\Intel\Intel(R) Management Engine Components\DAL;C:\Program Files\Intel\Intel(R) Management Engine Components\DAL;C:\Program Files (x86)\Intel\Intel(R) Management Engine Components\IPT;C:\Program Files\Intel\Intel(R) Management Engine Components\IPT;C:\Program Files (x86)\Windows Kits\8.1\Windows Performance Toolkit;C:\Program Files\Microsoft SQL Server\110\Tools\Binn;C:\Program Files (x86)\Microsoft SDKs\TypeScript\1.0;C:\Program Files\Microsoft SQL Server\120\Tools\Binn;C:\Program Files\Microsoft SQL Server\Client SDK\ODBC\110\Tools\Binn;C:\Program Files (x86)\Microsoft SQL Server\120\Tools\Binn;C:\Program Files\Microsoft SQL Server\120\DTS\Binn;C:\Program Files (x86)\Microsoft SQL Server\120\Tools\Binn\ManagementStudio;C:\Program Files (x86)\Microsoft SQL Server\120\DTS\Binn;C:\Program Files\nodejs;C:\Program Files\MySQL\MySQL Utilities 1.6;C:\Users\bosco.fong\AppData\Local\Microsoft\WindowsApps;C:\Program Files\Microsoft VS Code\bin;C:\Users\bosco.fong\AppData\Roaming\npm;C:\Users\bosco.fong\AppData\Local\GitHubDesktop\bin
10 verbose lifecycle gatsby-starter-default@1.0.0~deploy: CWD: C:\Users\bosco.fong\Desktop\gatsby\gatsby-site
11 silly lifecycle gatsby-starter-default@1.0.0~deploy: Args: [ '/d /s /c',
11 silly lifecycle   'gatsby build --prefix-paths && gh-pages -d public' ]
12 silly lifecycle gatsby-starter-default@1.0.0~deploy: Returned: code: 1  signal: null
13 info lifecycle gatsby-starter-default@1.0.0~deploy: Failed to exec deploy script
14 verbose stack Error: gatsby-starter-default@1.0.0 deploy: `gatsby build --prefix-paths && gh-pages -d public`
14 verbose stack Exit status 1
14 verbose stack     at EventEmitter.<anonymous> (C:\Program Files\nodejs\node_modules\npm\lib\utils\lifecycle.js:255:16)
14 verbose stack     at emitTwo (events.js:106:13)
14 verbose stack     at EventEmitter.emit (events.js:191:7)
14 verbose stack     at ChildProcess.<anonymous> (C:\Program Files\nodejs\node_modules\npm\lib\utils\spawn.js:40:14)
14 verbose stack     at emitTwo (events.js:106:13)
14 verbose stack     at ChildProcess.emit (events.js:191:7)
14 verbose stack     at maybeClose (internal/child_process.js:920:16)
14 verbose stack     at Process.ChildProcess._handle.onexit (internal/child_process.js:230:5)
15 verbose pkgid gatsby-starter-default@1.0.0
16 verbose cwd C:\Users\bosco.fong\Desktop\gatsby\gatsby-site
17 error Windows_NT 10.0.15063
18 error argv "C:\\Program Files\\nodejs\\node.exe" "C:\\Program Files\\nodejs\\node_modules\\npm\\bin\\npm-cli.js" "run" "deploy"
19 error node v6.11.3
20 error npm  v3.10.10
21 error code ELIFECYCLE
22 error gatsby-starter-default@1.0.0 deploy: `gatsby build --prefix-paths && gh-pages -d public`
22 error Exit status 1
23 error Failed at the gatsby-starter-default@1.0.0 deploy script 'gatsby build --prefix-paths && gh-pages -d public'.
23 error Make sure you have the latest version of node.js and npm installed.
23 error If you do, this is most likely a problem with the gatsby-starter-default package,
23 error not with npm itself.
23 error Tell the author that this fails on your system:
23 error     gatsby build --prefix-paths && gh-pages -d public
23 error You can get information on how to open an issue for this project with:
23 error     npm bugs gatsby-starter-default
23 error Or if that isn't available, you can get their info via:
23 error     npm owner ls gatsby-starter-default
23 error There is likely additional logging output above.
24 verbose exit [ 1, true ]
